Connecting to database specified by database.yml


Started GET "/en/mortgage_calculator" for 127.0.0.1 at 2014-02-11 16:01:57 +0000
Connecting to database specified by database.yml
Processing by MortgageCalculator::HomeController#index as HTML
  Parameters: {"locale"=>"en"}
  Rendered /Users/dkewal/moneyadvice/mortgage_calculator/app/views/mortgage_calculator/home/index.html.erb within layouts/mortgage_calculator/application (2.1ms)
Completed 500 Internal Server Error in 66ms

ActionView::Template::Error (couldn't find file 'mortgage_calculator_app'
  (in /Users/dkewal/moneyadvice/mortgage_calculator/app/assets/javascripts/mortgage_calculator/application.js:18)):
    3: <head>
    4:   <title>Mortgage Calculator</title>
    5:   <%= stylesheet_link_tag    "mortgage_calculator/application", :media => "all" %>
    6:   <%= javascript_include_tag "mortgage_calculator/application" %>
    7:   <%= csrf_meta_tags %>
    8: </head>
    9: <body ng-app="mortgageCalculatorApp">
  sprockets (2.2.2) lib/sprockets/context.rb:102:in `resolve'
  sprockets (2.2.2) lib/sprockets/context.rb:142:in `require_asset'
  sprockets (2.2.2) lib/sprockets/directive_processor.rb:215:in `process_require_directive'
  sprockets (2.2.2) lib/sprockets/directive_processor.rb:165:in `block in process_directives'
  sprockets (2.2.2) lib/sprockets/directive_processor.rb:163:in `each'
  sprockets (2.2.2) lib/sprockets/directive_processor.rb:163:in `process_directives'
  sprockets (2.2.2) lib/sprockets/directive_processor.rb:97:in `evaluate'
  tilt (1.4.1) lib/tilt/template.rb:103:in `render'
  sprockets (2.2.2) lib/sprockets/context.rb:193:in `block in evaluate'
  sprockets (2.2.2) lib/sprockets/context.rb:190:in `each'
  sprockets (2.2.2) lib/sprockets/context.rb:190:in `evaluate'
  sprockets (2.2.2) lib/sprockets/processed_asset.rb:12:in `initialize'
  sprockets (2.2.2) lib/sprockets/base.rb:249:in `new'
  sprockets (2.2.2) lib/sprockets/base.rb:249:in `block in build_asset'
  sprockets (2.2.2) lib/sprockets/base.rb:270:in `circular_call_protection'
  sprockets (2.2.2) lib/sprockets/base.rb:248:in `build_asset'
  sprockets (2.2.2) lib/sprockets/index.rb:93:in `block in build_asset'
  sprockets (2.2.2) lib/sprockets/caching.rb:19:in `cache_asset'
  sprockets (2.2.2) lib/sprockets/index.rb:92:in `build_asset'
  sprockets (2.2.2) lib/sprockets/base.rb:169:in `find_asset'
  sprockets (2.2.2) lib/sprockets/index.rb:60:in `find_asset'
  sprockets (2.2.2) lib/sprockets/bundled_asset.rb:38:in `init_with'
  sprockets (2.2.2) lib/sprockets/asset.rb:24:in `from_hash'
  sprockets (2.2.2) lib/sprockets/caching.rb:15:in `cache_asset'
  sprockets (2.2.2) lib/sprockets/index.rb:92:in `build_asset'
  sprockets (2.2.2) lib/sprockets/base.rb:169:in `find_asset'
  sprockets (2.2.2) lib/sprockets/index.rb:60:in `find_asset'
  sprockets (2.2.2) lib/sprockets/environment.rb:78:in `find_asset'
  sprockets (2.2.2) lib/sprockets/base.rb:177:in `[]'
  actionpack (3.2.14) lib/sprockets/helpers/rails_helper.rb:126:in `asset_for'
  actionpack (3.2.14) lib/sprockets/helpers/rails_helper.rb:27:in `block in javascript_include_tag'
  actionpack (3.2.14) lib/sprockets/helpers/rails_helper.rb:26:in `collect'
  actionpack (3.2.14) lib/sprockets/helpers/rails_helper.rb:26:in `javascript_include_tag'
  /Users/dkewal/moneyadvice/mortgage_calculator/app/views/layouts/mortgage_calculator/application.html.erb:6:in `___sers_dkewal_moneyadvice_mortgage_calculator_app_views_layouts_mortgage_calculator_application_html_erb___866890328272609645_70265691556880'
  actionpack (3.2.14) lib/action_view/template.rb:145:in `block in render'
  activesupport (3.2.14) lib/active_support/notifications.rb:125:in `instrument'
  actionpack (3.2.14) lib/action_view/template.rb:143:in `render'
  actionpack (3.2.14) lib/action_view/renderer/template_renderer.rb:60:in `render_with_layout'
  actionpack (3.2.14) lib/action_view/renderer/template_renderer.rb:46:in `render_template'
  actionpack (3.2.14) lib/action_view/renderer/template_renderer.rb:19:in `render'
  actionpack (3.2.14) lib/action_view/renderer/renderer.rb:36:in `render_template'
  actionpack (3.2.14) lib/action_view/renderer/renderer.rb:17:in `render'
  actionpack (3.2.14) lib/abstract_controller/rendering.rb:110:in `_render_template'
  actionpack (3.2.14) lib/action_controller/metal/streaming.rb:225:in `_render_template'
  actionpack (3.2.14) lib/abstract_controller/rendering.rb:103:in `render_to_body'
  actionpack (3.2.14) lib/action_controller/metal/renderers.rb:28:in `render_to_body'
  actionpack (3.2.14) lib/action_controller/metal/compatibility.rb:50:in `render_to_body'
  actionpack (3.2.14) lib/abstract_controller/rendering.rb:88:in `render'
  actionpack (3.2.14) lib/action_controller/metal/rendering.rb:16:in `render'
  actionpack (3.2.14) lib/action_controller/metal/instrumentation.rb:40:in `block (2 levels) in render'
  activesupport (3.2.14) lib/active_support/core_ext/benchmark.rb:5:in `block in ms'
  /Users/dkewal/.rvm/rubies/ruby-1.9.3-p484/lib/ruby/1.9.1/benchmark.rb:295:in `realtime'
  activesupport (3.2.14) lib/active_support/core_ext/benchmark.rb:5:in `ms'
  actionpack (3.2.14) lib/action_controller/metal/instrumentation.rb:40:in `block in render'
  actionpack (3.2.14) lib/action_controller/metal/instrumentation.rb:83:in `cleanup_view_runtime'
  activerecord (3.2.14) lib/active_record/railties/controller_runtime.rb:24:in `cleanup_view_runtime'
  actionpack (3.2.14) lib/action_controller/metal/instrumentation.rb:39:in `render'
  actionpack (3.2.14) lib/action_controller/metal/implicit_render.rb:10:in `default_render'
  actionpack (3.2.14) lib/action_controller/metal/implicit_render.rb:5:in `send_action'
  actionpack (3.2.14) lib/abstract_controller/base.rb:167:in `process_action'
  actionpack (3.2.14) lib/action_controller/metal/rendering.rb:10:in `process_action'
  actionpack (3.2.14) lib/abstract_controller/callbacks.rb:18:in `block in process_action'
  activesupport (3.2.14) lib/active_support/callbacks.rb:403:in `_run__2515923174438640032__process_action__3192561844737922787__callbacks'
  activesupport (3.2.14) lib/active_support/callbacks.rb:405:in `__run_callback'
  activesupport (3.2.14) lib/active_support/callbacks.rb:385:in `_run_process_action_callbacks'
  activesupport (3.2.14) lib/active_support/callbacks.rb:81:in `run_callbacks'
  actionpack (3.2.14) lib/abstract_controller/callbacks.rb:17:in `process_action'
  actionpack (3.2.14) lib/action_controller/metal/rescue.rb:29:in `process_action'
  actionpack (3.2.14) lib/action_controller/metal/instrumentation.rb:30:in `block in process_action'
  activesupport (3.2.14) lib/active_support/notifications.rb:123:in `block in instrument'
  activesupport (3.2.14) lib/active_support/notifications/instrumenter.rb:20:in `instrument'
  activesupport (3.2.14) lib/active_support/notifications.rb:123:in `instrument'
  actionpack (3.2.14) lib/action_controller/metal/instrumentation.rb:29:in `process_action'
  actionpack (3.2.14) lib/action_controller/metal/params_wrapper.rb:207:in `process_action'
  activerecord (3.2.14) lib/active_record/railties/controller_runtime.rb:18:in `process_action'
  actionpack (3.2.14) lib/abstract_controller/base.rb:121:in `process'
  actionpack (3.2.14) lib/abstract_controller/rendering.rb:45:in `process'
  actionpack (3.2.14) lib/action_controller/metal.rb:203:in `dispatch'
  actionpack (3.2.14) lib/action_controller/metal/rack_delegation.rb:14:in `dispatch'
  actionpack (3.2.14) lib/action_controller/metal.rb:246:in `block in action'
  actionpack (3.2.14) lib/action_dispatch/routing/route_set.rb:73:in `call'
  actionpack (3.2.14) lib/action_dispatch/routing/route_set.rb:73:in `dispatch'
  actionpack (3.2.14) lib/action_dispatch/routing/route_set.rb:36:in `call'
  journey (1.0.4) lib/journey/router.rb:68:in `block in call'
  journey (1.0.4) lib/journey/router.rb:56:in `each'
  journey (1.0.4) lib/journey/router.rb:56:in `call'
  actionpack (3.2.14) lib/action_dispatch/routing/route_set.rb:608:in `call'
  railties (3.2.14) lib/rails/engine.rb:484:in `call'
  railties (3.2.14) lib/rails/railtie/configurable.rb:30:in `method_missing'
  journey (1.0.4) lib/journey/router.rb:68:in `block in call'
  journey (1.0.4) lib/journey/router.rb:56:in `each'
  journey (1.0.4) lib/journey/router.rb:56:in `call'
  actionpack (3.2.14) lib/action_dispatch/routing/route_set.rb:608:in `call'
  actionpack (3.2.14) lib/action_dispatch/middleware/best_standards_support.rb:17:in `call'
  rack (1.4.5) lib/rack/etag.rb:23:in `call'
  rack (1.4.5) lib/rack/conditionalget.rb:25:in `call'
  actionpack (3.2.14) lib/action_dispatch/middleware/head.rb:14:in `call'
  actionpack (3.2.14) lib/action_dispatch/middleware/params_parser.rb:21:in `call'
  actionpack (3.2.14) lib/action_dispatch/middleware/flash.rb:242:in `call'
  rack (1.4.5) lib/rack/session/abstract/id.rb:210:in `context'
  rack (1.4.5) lib/rack/session/abstract/id.rb:205:in `call'
  actionpack (3.2.14) lib/action_dispatch/middleware/cookies.rb:341:in `call'
  activerecord (3.2.14) lib/active_record/query_cache.rb:64:in `call'
  activerecord (3.2.14) lib/active_record/connection_adapters/abstract/connection_pool.rb:479:in `call'
  actionpack (3.2.14) lib/action_dispatch/middleware/callbacks.rb:28:in `block in call'
  activesupport (3.2.14) lib/active_support/callbacks.rb:405:in `_run__2318823423692286289__call__1407064751787309372__callbacks'
  activesupport (3.2.14) lib/active_support/callbacks.rb:405:in `__run_callback'
  activesupport (3.2.14) lib/active_support/callbacks.rb:385:in `_run_call_callbacks'
  activesupport (3.2.14) lib/active_support/callbacks.rb:81:in `run_callbacks'
  actionpack (3.2.14) lib/action_dispatch/middleware/callbacks.rb:27:in `call'
  actionpack (3.2.14) lib/action_dispatch/middleware/reloader.rb:65:in `call'
  actionpack (3.2.14) lib/action_dispatch/middleware/remote_ip.rb:31:in `call'
  actionpack (3.2.14) lib/action_dispatch/middleware/debug_exceptions.rb:16:in `call'
  actionpack (3.2.14) lib/action_dispatch/middleware/show_exceptions.rb:56:in `call'
  railties (3.2.14) lib/rails/rack/logger.rb:32:in `call_app'
  railties (3.2.14) lib/rails/rack/logger.rb:16:in `block in call'
  activesupport (3.2.14) lib/active_support/tagged_logging.rb:22:in `tagged'
  railties (3.2.14) lib/rails/rack/logger.rb:16:in `call'
  actionpack (3.2.14) lib/action_dispatch/middleware/request_id.rb:22:in `call'
  rack (1.4.5) lib/rack/methodoverride.rb:21:in `call'
  rack (1.4.5) lib/rack/runtime.rb:17:in `call'
  activesupport (3.2.14) lib/active_support/cache/strategy/local_cache.rb:72:in `call'
  rack (1.4.5) lib/rack/lock.rb:15:in `call'
  actionpack (3.2.14) lib/action_dispatch/middleware/static.rb:63:in `call'
  railties (3.2.14) lib/rails/engine.rb:484:in `call'
  railties (3.2.14) lib/rails/application.rb:231:in `call'
  rack (1.4.5) lib/rack/content_length.rb:14:in `call'
  railties (3.2.14) lib/rails/rack/log_tailer.rb:17:in `call'
  rack (1.4.5) lib/rack/handler/webrick.rb:59:in `service'
  /Users/dkewal/.rvm/rubies/ruby-1.9.3-p484/lib/ruby/1.9.1/webrick/httpserver.rb:138:in `service'
  /Users/dkewal/.rvm/rubies/ruby-1.9.3-p484/lib/ruby/1.9.1/webrick/httpserver.rb:94:in `run'
  /Users/dkewal/.rvm/rubies/ruby-1.9.3-p484/lib/ruby/1.9.1/webrick/server.rb:191:in `block in start_thread'


  Rendered /Users/dkewal/.rvm/gems/ruby-1.9.3-p484@mortgage_calculator/gems/actionpack-3.2.14/lib/action_dispatch/middleware/templates/rescues/_trace.erb (0.8ms)
  Rendered /Users/dkewal/.rvm/gems/ruby-1.9.3-p484@mortgage_calculator/gems/actionpack-3.2.14/lib/action_dispatch/middleware/templates/rescues/_request_and_response.erb (0.6ms)
  Rendered /Users/dkewal/.rvm/gems/ruby-1.9.3-p484@mortgage_calculator/gems/actionpack-3.2.14/lib/action_dispatch/middleware/templates/rescues/template_error.erb within rescues/layout (4.8ms)


Started GET "/en/mortgage_calculator" for 127.0.0.1 at 2014-02-11 16:04:05 +0000
Processing by MortgageCalculator::HomeController#index as HTML
  Parameters: {"locale"=>"en"}
  Rendered /Users/dkewal/moneyadvice/mortgage_calculator/app/views/mortgage_calculator/home/index.html.erb within layouts/mortgage_calculator/application (0.0ms)
Completed 500 Internal Server Error in 15ms

ActionView::Template::Error (couldn't find file 'mortgage_calculator_app'
  (in /Users/dkewal/moneyadvice/mortgage_calculator/app/assets/javascripts/mortgage_calculator/application.js:18)):
    3: <head>
    4:   <title>Mortgage Calculator</title>
    5:   <%= stylesheet_link_tag    "mortgage_calculator/application", :media => "all" %>
    6:   <%= javascript_include_tag "mortgage_calculator/application" %>
    7:   <%= csrf_meta_tags %>
    8: </head>
    9: <body ng-app="mortgageCalculatorApp">
  sprockets (2.2.2) lib/sprockets/context.rb:102:in `resolve'
  sprockets (2.2.2) lib/sprockets/context.rb:142:in `require_asset'
  sprockets (2.2.2) lib/sprockets/directive_processor.rb:215:in `process_require_directive'
  sprockets (2.2.2) lib/sprockets/directive_processor.rb:165:in `block in process_directives'
  sprockets (2.2.2) lib/sprockets/directive_processor.rb:163:in `each'
  sprockets (2.2.2) lib/sprockets/directive_processor.rb:163:in `process_directives'
  sprockets (2.2.2) lib/sprockets/directive_processor.rb:97:in `evaluate'
  tilt (1.4.1) lib/tilt/template.rb:103:in `render'
  sprockets (2.2.2) lib/sprockets/context.rb:193:in `block in evaluate'
  sprockets (2.2.2) lib/sprockets/context.rb:190:in `each'
  sprockets (2.2.2) lib/sprockets/context.rb:190:in `evaluate'
  sprockets (2.2.2) lib/sprockets/processed_asset.rb:12:in `initialize'
  sprockets (2.2.2) lib/sprockets/base.rb:249:in `new'
  sprockets (2.2.2) lib/sprockets/base.rb:249:in `block in build_asset'
  sprockets (2.2.2) lib/sprockets/base.rb:270:in `circular_call_protection'
  sprockets (2.2.2) lib/sprockets/base.rb:248:in `build_asset'
  sprockets (2.2.2) lib/sprockets/index.rb:93:in `block in build_asset'
  sprockets (2.2.2) lib/sprockets/caching.rb:19:in `cache_asset'
  sprockets (2.2.2) lib/sprockets/index.rb:92:in `build_asset'
  sprockets (2.2.2) lib/sprockets/base.rb:169:in `find_asset'
  sprockets (2.2.2) lib/sprockets/index.rb:60:in `find_asset'
  sprockets (2.2.2) lib/sprockets/bundled_asset.rb:38:in `init_with'
  sprockets (2.2.2) lib/sprockets/asset.rb:24:in `from_hash'
  sprockets (2.2.2) lib/sprockets/caching.rb:15:in `cache_asset'
  sprockets (2.2.2) lib/sprockets/index.rb:92:in `build_asset'
  sprockets (2.2.2) lib/sprockets/base.rb:169:in `find_asset'
  sprockets (2.2.2) lib/sprockets/index.rb:60:in `find_asset'
  sprockets (2.2.2) lib/sprockets/environment.rb:78:in `find_asset'
  sprockets (2.2.2) lib/sprockets/base.rb:177:in `[]'
  actionpack (3.2.14) lib/sprockets/helpers/rails_helper.rb:126:in `asset_for'
  actionpack (3.2.14) lib/sprockets/helpers/rails_helper.rb:27:in `block in javascript_include_tag'
  actionpack (3.2.14) lib/sprockets/helpers/rails_helper.rb:26:in `collect'
  actionpack (3.2.14) lib/sprockets/helpers/rails_helper.rb:26:in `javascript_include_tag'
  /Users/dkewal/moneyadvice/mortgage_calculator/app/views/layouts/mortgage_calculator/application.html.erb:6:in `___sers_dkewal_moneyadvice_mortgage_calculator_app_views_layouts_mortgage_calculator_application_html_erb___866890328272609645_70265691556880'
  actionpack (3.2.14) lib/action_view/template.rb:145:in `block in render'
  activesupport (3.2.14) lib/active_support/notifications.rb:125:in `instrument'
  actionpack (3.2.14) lib/action_view/template.rb:143:in `render'
  actionpack (3.2.14) lib/action_view/renderer/template_renderer.rb:60:in `render_with_layout'
  actionpack (3.2.14) lib/action_view/renderer/template_renderer.rb:46:in `render_template'
  actionpack (3.2.14) lib/action_view/renderer/template_renderer.rb:19:in `render'
  actionpack (3.2.14) lib/action_view/renderer/renderer.rb:36:in `render_template'
  actionpack (3.2.14) lib/action_view/renderer/renderer.rb:17:in `render'
  actionpack (3.2.14) lib/abstract_controller/rendering.rb:110:in `_render_template'
  actionpack (3.2.14) lib/action_controller/metal/streaming.rb:225:in `_render_template'
  actionpack (3.2.14) lib/abstract_controller/rendering.rb:103:in `render_to_body'
  actionpack (3.2.14) lib/action_controller/metal/renderers.rb:28:in `render_to_body'
  actionpack (3.2.14) lib/action_controller/metal/compatibility.rb:50:in `render_to_body'
  actionpack (3.2.14) lib/abstract_controller/rendering.rb:88:in `render'
  actionpack (3.2.14) lib/action_controller/metal/rendering.rb:16:in `render'
  actionpack (3.2.14) lib/action_controller/metal/instrumentation.rb:40:in `block (2 levels) in render'
  activesupport (3.2.14) lib/active_support/core_ext/benchmark.rb:5:in `block in ms'
  /Users/dkewal/.rvm/rubies/ruby-1.9.3-p484/lib/ruby/1.9.1/benchmark.rb:295:in `realtime'
  activesupport (3.2.14) lib/active_support/core_ext/benchmark.rb:5:in `ms'
  actionpack (3.2.14) lib/action_controller/metal/instrumentation.rb:40:in `block in render'
  actionpack (3.2.14) lib/action_controller/metal/instrumentation.rb:83:in `cleanup_view_runtime'
  activerecord (3.2.14) lib/active_record/railties/controller_runtime.rb:24:in `cleanup_view_runtime'
  actionpack (3.2.14) lib/action_controller/metal/instrumentation.rb:39:in `render'
  actionpack (3.2.14) lib/action_controller/metal/implicit_render.rb:10:in `default_render'
  actionpack (3.2.14) lib/action_controller/metal/implicit_render.rb:5:in `send_action'
  actionpack (3.2.14) lib/abstract_controller/base.rb:167:in `process_action'
  actionpack (3.2.14) lib/action_controller/metal/rendering.rb:10:in `process_action'
  actionpack (3.2.14) lib/abstract_controller/callbacks.rb:18:in `block in process_action'
  activesupport (3.2.14) lib/active_support/callbacks.rb:403:in `_run__2515923174438640032__process_action__3192561844737922787__callbacks'
  activesupport (3.2.14) lib/active_support/callbacks.rb:405:in `__run_callback'
  activesupport (3.2.14) lib/active_support/callbacks.rb:385:in `_run_process_action_callbacks'
  activesupport (3.2.14) lib/active_support/callbacks.rb:81:in `run_callbacks'
  actionpack (3.2.14) lib/abstract_controller/callbacks.rb:17:in `process_action'
  actionpack (3.2.14) lib/action_controller/metal/rescue.rb:29:in `process_action'
  actionpack (3.2.14) lib/action_controller/metal/instrumentation.rb:30:in `block in process_action'
  activesupport (3.2.14) lib/active_support/notifications.rb:123:in `block in instrument'
  activesupport (3.2.14) lib/active_support/notifications/instrumenter.rb:20:in `instrument'
  activesupport (3.2.14) lib/active_support/notifications.rb:123:in `instrument'
  actionpack (3.2.14) lib/action_controller/metal/instrumentation.rb:29:in `process_action'
  actionpack (3.2.14) lib/action_controller/metal/params_wrapper.rb:207:in `process_action'
  activerecord (3.2.14) lib/active_record/railties/controller_runtime.rb:18:in `process_action'
  actionpack (3.2.14) lib/abstract_controller/base.rb:121:in `process'
  actionpack (3.2.14) lib/abstract_controller/rendering.rb:45:in `process'
  actionpack (3.2.14) lib/action_controller/metal.rb:203:in `dispatch'
  actionpack (3.2.14) lib/action_controller/metal/rack_delegation.rb:14:in `dispatch'
  actionpack (3.2.14) lib/action_controller/metal.rb:246:in `block in action'
  actionpack (3.2.14) lib/action_dispatch/routing/route_set.rb:73:in `call'
  actionpack (3.2.14) lib/action_dispatch/routing/route_set.rb:73:in `dispatch'
  actionpack (3.2.14) lib/action_dispatch/routing/route_set.rb:36:in `call'
  journey (1.0.4) lib/journey/router.rb:68:in `block in call'
  journey (1.0.4) lib/journey/router.rb:56:in `each'
  journey (1.0.4) lib/journey/router.rb:56:in `call'
  actionpack (3.2.14) lib/action_dispatch/routing/route_set.rb:608:in `call'
  railties (3.2.14) lib/rails/engine.rb:484:in `call'
  railties (3.2.14) lib/rails/railtie/configurable.rb:30:in `method_missing'
  journey (1.0.4) lib/journey/router.rb:68:in `block in call'
  journey (1.0.4) lib/journey/router.rb:56:in `each'
  journey (1.0.4) lib/journey/router.rb:56:in `call'
  actionpack (3.2.14) lib/action_dispatch/routing/route_set.rb:608:in `call'
  actionpack (3.2.14) lib/action_dispatch/middleware/best_standards_support.rb:17:in `call'
  rack (1.4.5) lib/rack/etag.rb:23:in `call'
  rack (1.4.5) lib/rack/conditionalget.rb:25:in `call'
  actionpack (3.2.14) lib/action_dispatch/middleware/head.rb:14:in `call'
  actionpack (3.2.14) lib/action_dispatch/middleware/params_parser.rb:21:in `call'
  actionpack (3.2.14) lib/action_dispatch/middleware/flash.rb:242:in `call'
  rack (1.4.5) lib/rack/session/abstract/id.rb:210:in `context'
  rack (1.4.5) lib/rack/session/abstract/id.rb:205:in `call'
  actionpack (3.2.14) lib/action_dispatch/middleware/cookies.rb:341:in `call'
  activerecord (3.2.14) lib/active_record/query_cache.rb:64:in `call'
  activerecord (3.2.14) lib/active_record/connection_adapters/abstract/connection_pool.rb:479:in `call'
  actionpack (3.2.14) lib/action_dispatch/middleware/callbacks.rb:28:in `block in call'
  activesupport (3.2.14) lib/active_support/callbacks.rb:405:in `_run__2318823423692286289__call__1407064751787309372__callbacks'
  activesupport (3.2.14) lib/active_support/callbacks.rb:405:in `__run_callback'
  activesupport (3.2.14) lib/active_support/callbacks.rb:385:in `_run_call_callbacks'
  activesupport (3.2.14) lib/active_support/callbacks.rb:81:in `run_callbacks'
  actionpack (3.2.14) lib/action_dispatch/middleware/callbacks.rb:27:in `call'
  actionpack (3.2.14) lib/action_dispatch/middleware/reloader.rb:65:in `call'
  actionpack (3.2.14) lib/action_dispatch/middleware/remote_ip.rb:31:in `call'
  actionpack (3.2.14) lib/action_dispatch/middleware/debug_exceptions.rb:16:in `call'
  actionpack (3.2.14) lib/action_dispatch/middleware/show_exceptions.rb:56:in `call'
  railties (3.2.14) lib/rails/rack/logger.rb:32:in `call_app'
  railties (3.2.14) lib/rails/rack/logger.rb:16:in `block in call'
  activesupport (3.2.14) lib/active_support/tagged_logging.rb:22:in `tagged'
  railties (3.2.14) lib/rails/rack/logger.rb:16:in `call'
  actionpack (3.2.14) lib/action_dispatch/middleware/request_id.rb:22:in `call'
  rack (1.4.5) lib/rack/methodoverride.rb:21:in `call'
  rack (1.4.5) lib/rack/runtime.rb:17:in `call'
  activesupport (3.2.14) lib/active_support/cache/strategy/local_cache.rb:72:in `call'
  rack (1.4.5) lib/rack/lock.rb:15:in `call'
  actionpack (3.2.14) lib/action_dispatch/middleware/static.rb:63:in `call'
  railties (3.2.14) lib/rails/engine.rb:484:in `call'
  railties (3.2.14) lib/rails/application.rb:231:in `call'
  rack (1.4.5) lib/rack/content_length.rb:14:in `call'
  railties (3.2.14) lib/rails/rack/log_tailer.rb:17:in `call'
  rack (1.4.5) lib/rack/handler/webrick.rb:59:in `service'
  /Users/dkewal/.rvm/rubies/ruby-1.9.3-p484/lib/ruby/1.9.1/webrick/httpserver.rb:138:in `service'
  /Users/dkewal/.rvm/rubies/ruby-1.9.3-p484/lib/ruby/1.9.1/webrick/httpserver.rb:94:in `run'
  /Users/dkewal/.rvm/rubies/ruby-1.9.3-p484/lib/ruby/1.9.1/webrick/server.rb:191:in `block in start_thread'


  Rendered /Users/dkewal/.rvm/gems/ruby-1.9.3-p484@mortgage_calculator/gems/actionpack-3.2.14/lib/action_dispatch/middleware/templates/rescues/_trace.erb (19.8ms)
  Rendered /Users/dkewal/.rvm/gems/ruby-1.9.3-p484@mortgage_calculator/gems/actionpack-3.2.14/lib/action_dispatch/middleware/templates/rescues/_request_and_response.erb (0.7ms)
  Rendered /Users/dkewal/.rvm/gems/ruby-1.9.3-p484@mortgage_calculator/gems/actionpack-3.2.14/lib/action_dispatch/middleware/templates/rescues/template_error.erb within rescues/layout (24.2ms)


Started GET "/en/mortgage_calculator" for 127.0.0.1 at 2014-02-11 16:04:32 +0000
Processing by MortgageCalculator::HomeController#index as HTML
  Parameters: {"locale"=>"en"}
  Rendered /Users/dkewal/moneyadvice/mortgage_calculator/app/views/mortgage_calculator/home/index.html.erb within layouts/mortgage_calculator/application (0.0ms)
Compiled mortgage_calculator/mortgage_calculator_app.js  (0ms)  (pid 10221)
Compiled mortgage_calculator/application.js  (10ms)  (pid 10221)
Completed 200 OK in 48ms (Views: 48.3ms | ActiveRecord: 0.0ms)


Started GET "/assets/jquery.js?body=1" for 127.0.0.1 at 2014-02-11 16:04:32 +0000
Served asset /jquery.js - 304 Not Modified (5ms)


Started GET "/assets/mortgage_calculator/application.css?body=1" for 127.0.0.1 at 2014-02-11 16:04:32 +0000
Served asset /mortgage_calculator/application.css - 304 Not Modified (2ms)


Started GET "/assets/jquery_ujs.js?body=1" for 127.0.0.1 at 2014-02-11 16:04:32 +0000
Served asset /jquery_ujs.js - 304 Not Modified (2ms)


Started GET "/assets/underscore.js?body=1" for 127.0.0.1 at 2014-02-11 16:04:32 +0000
Served asset /underscore.js - 304 Not Modified (2ms)


Started GET "/assets/angular.js?body=1" for 127.0.0.1 at 2014-02-11 16:04:32 +0000
Served asset /angular.js - 304 Not Modified (2ms)


Started GET "/assets/angular-resource.js?body=1" for 127.0.0.1 at 2014-02-11 16:04:32 +0000
Served asset /angular-resource.js - 304 Not Modified (1ms)


Started GET "/assets/mortgage_calculator/mortgage_calculator_app.js?body=1" for 127.0.0.1 at 2014-02-11 16:04:32 +0000
Served asset /mortgage_calculator/mortgage_calculator_app.js - 200 OK (2ms)


Started GET "/assets/mortgage_calculator/application.js?body=1" for 127.0.0.1 at 2014-02-11 16:04:32 +0000
Served asset /mortgage_calculator/application.js - 304 Not Modified (6ms)
